Analysis & Synthesis report for Tetris_game
Tue Jan 16 00:59:16 2018
Quartus II 64-Bit Version 13.1.0 Build 162 10/23/2013 SJ Web Edition


---------------------
; Table of Contents ;
---------------------
  1. Legal Notice
  2. Analysis & Synthesis Summary
  3. Analysis & Synthesis Settings
  4. Parallel Compilation
  5. Analysis & Synthesis Source Files Read
  6. Analysis & Synthesis Resource Usage Summary
  7. Analysis & Synthesis Resource Utilization by Entity
  8. Analysis & Synthesis DSP Block Usage Summary
  9. Registers Removed During Synthesis
 10. General Register Statistics
 11. Inverted Register Statistics
 12. Multiplexer Restructuring Statistics (Restructuring Performed)
 13. Parameter Settings for Inferred Entity Instance: lpm_divide:Mod0
 14. Parameter Settings for Inferred Entity Instance: lpm_divide:Mod1
 15. Parameter Settings for Inferred Entity Instance: lpm_mult:Mult0
 16. lpm_mult Parameter Settings by Entity Instance
 17. Elapsed Time Per Partition
 18. Analysis & Synthesis Messages
 19. Analysis & Synthesis Suppressed Messages



----------------
; Legal Notice ;
----------------
Copyright (C) 1991-2013 Altera Corporation
Your use of Altera Corporation's design tools, logic functions 
and other software and tools, and its AMPP partner logic 
functions, and any output files from any of the foregoing 
(including device programming or simulation files), and any 
associated documentation or information are expressly subject 
to the terms and conditions of the Altera Program License 
Subscription Agreement, Altera MegaCore Function License 
Agreement, or other applicable license agreement, including, 
without limitation, that your use is for the sole purpose of 
programming logic devices manufactured by Altera and sold by 
Altera or its authorized distributors.  Please refer to the 
applicable agreement for further details.



+---------------------------------------------------------------------------------+
; Analysis & Synthesis Summary                                                    ;
+------------------------------------+--------------------------------------------+
; Analysis & Synthesis Status        ; Successful - Tue Jan 16 00:59:16 2018      ;
; Quartus II 64-Bit Version          ; 13.1.0 Build 162 10/23/2013 SJ Web Edition ;
; Revision Name                      ; Tetris_game                                ;
; Top-level Entity Name              ; Tetris_game                                ;
; Family                             ; Cyclone III                                ;
; Total logic elements               ; 10,148                                     ;
;     Total combinational functions  ; 10,144                                     ;
;     Dedicated logic registers      ; 255                                        ;
; Total registers                    ; 255                                        ;
; Total pins                         ; 39                                         ;
; Total virtual pins                 ; 0                                          ;
; Total memory bits                  ; 0                                          ;
; Embedded Multiplier 9-bit elements ; 1                                          ;
; Total PLLs                         ; 0                                          ;
+------------------------------------+--------------------------------------------+


+----------------------------------------------------------------------------------------------------------------------+
; Analysis & Synthesis Settings                                                                                        ;
+----------------------------------------------------------------------------+--------------------+--------------------+
; Option                                                                     ; Setting            ; Default Value      ;
+----------------------------------------------------------------------------+--------------------+--------------------+
; Device                                                                     ; EP3C10E144C8       ;                    ;
; Top-level entity name                                                      ; Tetris_game        ; Tetris_game        ;
; Family name                                                                ; Cyclone III        ; Cyclone IV GX      ;
; Verilog Show LMF Mapping Messages                                          ; Off                ;                    ;
; Verilog Version                                                            ; SystemVerilog_2005 ; Verilog_2001       ;
; Use smart compilation                                                      ; Off                ; Off                ;
; Enable parallel Assembler and TimeQuest Timing Analyzer during compilation ; On                 ; On                 ;
; Enable compact report table                                                ; Off                ; Off                ;
; Restructure Multiplexers                                                   ; Auto               ; Auto               ;
; Create Debugging Nodes for IP Cores                                        ; Off                ; Off                ;
; Preserve fewer node names                                                  ; On                 ; On                 ;
; Disable OpenCore Plus hardware evaluation                                  ; Off                ; Off                ;
; VHDL Version                                                               ; VHDL_1993          ; VHDL_1993          ;
; State Machine Processing                                                   ; Auto               ; Auto               ;
; Safe State Machine                                                         ; Off                ; Off                ;
; Extract Verilog State Machines                                             ; On                 ; On                 ;
; Extract VHDL State Machines                                                ; On                 ; On                 ;
; Ignore Verilog initial constructs                                          ; Off                ; Off                ;
; Iteration limit for constant Verilog loops                                 ; 5000               ; 5000               ;
; Iteration limit for non-constant Verilog loops                             ; 250                ; 250                ;
; Add Pass-Through Logic to Inferred RAMs                                    ; On                 ; On                 ;
; Infer RAMs from Raw Logic                                                  ; On                 ; On                 ;
; Parallel Synthesis                                                         ; On                 ; On                 ;
; DSP Block Balancing                                                        ; Auto               ; Auto               ;
; NOT Gate Push-Back                                                         ; On                 ; On                 ;
; Power-Up Don't Care                                                        ; On                 ; On                 ;
; Remove Redundant Logic Cells                                               ; Off                ; Off                ;
; Remove Duplicate Registers                                                 ; On                 ; On                 ;
; Ignore CARRY Buffers                                                       ; Off                ; Off                ;
; Ignore CASCADE Buffers                                                     ; Off                ; Off                ;
; Ignore GLOBAL Buffers                                                      ; Off                ; Off                ;
; Ignore ROW GLOBAL Buffers                                                  ; Off                ; Off                ;
; Ignore LCELL Buffers                                                       ; Off                ; Off                ;
; Ignore SOFT Buffers                                                        ; On                 ; On                 ;
; Limit AHDL Integers to 32 Bits                                             ; Off                ; Off                ;
; Optimization Technique                                                     ; Balanced           ; Balanced           ;
; Carry Chain Length                                                         ; 70                 ; 70                 ;
; Auto Carry Chains                                                          ; On                 ; On                 ;
; Auto Open-Drain Pins                                                       ; On                 ; On                 ;
; Perform WYSIWYG Primitive Resynthesis                                      ; Off                ; Off                ;
; Auto ROM Replacement                                                       ; On                 ; On                 ;
; Auto RAM Replacement                                                       ; On                 ; On                 ;
; Auto DSP Block Replacement                                                 ; On                 ; On                 ;
; Auto Shift Register Replacement                                            ; Auto               ; Auto               ;
; Allow Shift Register Merging across Hierarchies                            ; Auto               ; Auto               ;
; Auto Clock Enable Replacement                                              ; On                 ; On                 ;
; Strict RAM Replacement                                                     ; Off                ; Off                ;
; Allow Synchronous Control Signals                                          ; On                 ; On                 ;
; Force Use of Synchronous Clear Signals                                     ; Off                ; Off                ;
; Auto RAM Block Balancing                                                   ; On                 ; On                 ;
; Auto RAM to Logic Cell Conversion                                          ; Off                ; Off                ;
; Auto Resource Sharing                                                      ; Off                ; Off                ;
; Allow Any RAM Size For Recognition                                         ; Off                ; Off                ;
; Allow Any ROM Size For Recognition                                         ; Off                ; Off                ;
; Allow Any Shift Register Size For Recognition                              ; Off                ; Off                ;
; Use LogicLock Constraints during Resource Balancing                        ; On                 ; On                 ;
; Ignore translate_off and synthesis_off directives                          ; Off                ; Off                ;
; Timing-Driven Synthesis                                                    ; On                 ; On                 ;
; Report Parameter Settings                                                  ; On                 ; On                 ;
; Report Source Assignments                                                  ; On                 ; On                 ;
; Report Connectivity Checks                                                 ; On                 ; On                 ;
; Ignore Maximum Fan-Out Assignments                                         ; Off                ; Off                ;
; Synchronization Register Chain Length                                      ; 2                  ; 2                  ;
; PowerPlay Power Optimization                                               ; Normal compilation ; Normal compilation ;
; HDL message level                                                          ; Level2             ; Level2             ;
; Suppress Register Optimization Related Messages                            ; Off                ; Off                ;
; Number of Removed Registers Reported in Synthesis Report                   ; 5000               ; 5000               ;
; Number of Swept Nodes Reported in Synthesis Report                         ; 5000               ; 5000               ;
; Number of Inverted Registers Reported in Synthesis Report                  ; 100                ; 100                ;
; Clock MUX Protection                                                       ; On                 ; On                 ;
; Auto Gated Clock Conversion                                                ; Off                ; Off                ;
; Block Design Naming                                                        ; Auto               ; Auto               ;
; SDC constraint protection                                                  ; Off                ; Off                ;
; Synthesis Effort                                                           ; Auto               ; Auto               ;
; Shift Register Replacement - Allow Asynchronous Clear Signal               ; On                 ; On                 ;
; Pre-Mapping Resynthesis Optimization                                       ; Off                ; Off                ;
; Analysis & Synthesis Message Level                                         ; Medium             ; Medium             ;
; Disable Register Merging Across Hierarchies                                ; Auto               ; Auto               ;
; Resource Aware Inference For Block RAM                                     ; On                 ; On                 ;
; Synthesis Seed                                                             ; 1                  ; 1                  ;
+----------------------------------------------------------------------------+--------------------+--------------------+


Parallel compilation was disabled, but you have multiple processors available. Enable parallel compilation to reduce compilation time.
+-------------------------------------+
; Parallel Compilation                ;
+----------------------------+--------+
; Processors                 ; Number ;
+----------------------------+--------+
; Number detected on machine ; 4      ;
; Maximum allowed            ; 1      ;
+----------------------------+--------+


+-----------------------------------------------------------------------------------------------------------------------------------------------------------------+
; Analysis & Synthesis Source Files Read                                                                                                                          ;
+----------------------------------+-----------------+------------------------------+-------------------------------------------------------------------+---------+
; File Name with User-Entered Path ; Used in Netlist ; File Type                    ; File Name with Absolute Path                                      ; Library ;
+----------------------------------+-----------------+------------------------------+-------------------------------------------------------------------+---------+
; Tetris_game.v                    ; yes             ; User Verilog HDL File        ; D:/quartus1.3/Tetris/Tetris_game.v                                ;         ;
; lpm_divide.tdf                   ; yes             ; Megafunction                 ; d:/quartus1.3/quartus/libraries/megafunctions/lpm_divide.tdf      ;         ;
; abs_divider.inc                  ; yes             ; Megafunction                 ; d:/quartus1.3/quartus/libraries/megafunctions/abs_divider.inc     ;         ;
; sign_div_unsign.inc              ; yes             ; Megafunction                 ; d:/quartus1.3/quartus/libraries/megafunctions/sign_div_unsign.inc ;         ;
; aglobal131.inc                   ; yes             ; Megafunction                 ; d:/quartus1.3/quartus/libraries/megafunctions/aglobal131.inc      ;         ;
; db/lpm_divide_2am.tdf            ; yes             ; Auto-Generated Megafunction  ; D:/quartus1.3/Tetris/db/lpm_divide_2am.tdf                        ;         ;
; db/sign_div_unsign_0mh.tdf       ; yes             ; Auto-Generated Megafunction  ; D:/quartus1.3/Tetris/db/sign_div_unsign_0mh.tdf                   ;         ;
; db/alt_u_div_a6f.tdf             ; yes             ; Auto-Generated Megafunction  ; D:/quartus1.3/Tetris/db/alt_u_div_a6f.tdf                         ;         ;
; db/add_sub_unc.tdf               ; yes             ; Auto-Generated Megafunction  ; D:/quartus1.3/Tetris/db/add_sub_unc.tdf                           ;         ;
; db/add_sub_vnc.tdf               ; yes             ; Auto-Generated Megafunction  ; D:/quartus1.3/Tetris/db/add_sub_vnc.tdf                           ;         ;
; db/lpm_divide_i8m.tdf            ; yes             ; Auto-Generated Megafunction  ; D:/quartus1.3/Tetris/db/lpm_divide_i8m.tdf                        ;         ;
; db/sign_div_unsign_gkh.tdf       ; yes             ; Auto-Generated Megafunction  ; D:/quartus1.3/Tetris/db/sign_div_unsign_gkh.tdf                   ;         ;
; db/alt_u_div_u2f.tdf             ; yes             ; Auto-Generated Megafunction  ; D:/quartus1.3/Tetris/db/alt_u_div_u2f.tdf                         ;         ;
; lpm_mult.tdf                     ; yes             ; Megafunction                 ; d:/quartus1.3/quartus/libraries/megafunctions/lpm_mult.tdf        ;         ;
; lpm_add_sub.inc                  ; yes             ; Megafunction                 ; d:/quartus1.3/quartus/libraries/megafunctions/lpm_add_sub.inc     ;         ;
; multcore.inc                     ; yes             ; Megafunction                 ; d:/quartus1.3/quartus/libraries/megafunctions/multcore.inc        ;         ;
; bypassff.inc                     ; yes             ; Megafunction                 ; d:/quartus1.3/quartus/libraries/megafunctions/bypassff.inc        ;         ;
; altshift.inc                     ; yes             ; Megafunction                 ; d:/quartus1.3/quartus/libraries/megafunctions/altshift.inc        ;         ;
; db/mult_v8t.tdf                  ; yes             ; Auto-Generated Megafunction  ; D:/quartus1.3/Tetris/db/mult_v8t.tdf                              ;         ;
+----------------------------------+-----------------+------------------------------+-------------------------------------------------------------------+---------+


+----------------------------------------------------------+
; Analysis & Synthesis Resource Usage Summary              ;
+---------------------------------------------+------------+
; Resource                                    ; Usage      ;
+---------------------------------------------+------------+
; Estimated Total logic elements              ; 10,148     ;
;                                             ;            ;
; Total combinational functions               ; 10144      ;
; Logic element usage by number of LUT inputs ;            ;
;     -- 4 input functions                    ; 7015       ;
;     -- 3 input functions                    ; 2333       ;
;     -- <=2 input functions                  ; 796        ;
;                                             ;            ;
; Logic elements by mode                      ;            ;
;     -- normal mode                          ; 9422       ;
;     -- arithmetic mode                      ; 722        ;
;                                             ;            ;
; Total registers                             ; 255        ;
;     -- Dedicated logic registers            ; 255        ;
;     -- I/O registers                        ; 0          ;
;                                             ;            ;
; I/O pins                                    ; 39         ;
; Embedded Multiplier 9-bit elements          ; 1          ;
; Maximum fan-out node                        ; Turn~input ;
; Maximum fan-out                             ; 725        ;
; Total fan-out                               ; 37222      ;
; Average fan-out                             ; 3.55       ;
+---------------------------------------------+------------+


+----------------------------------------------------------------------------------------------------------------------------------------------------------------------------------------------------------------------------------------------------------------------------------+
; Analysis & Synthesis Resource Utilization by Entity                                                                                                                                                                                                                              ;
+----------------------------------------+-------------------+--------------+-------------+--------------+---------+-----------+------+--------------+--------------------------------------------------------------------------------------------------------------+--------------+
; Compilation Hierarchy Node             ; LC Combinationals ; LC Registers ; Memory Bits ; DSP Elements ; DSP 9x9 ; DSP 18x18 ; Pins ; Virtual Pins ; Full Hierarchy Name                                                                                          ; Library Name ;
+----------------------------------------+-------------------+--------------+-------------+--------------+---------+-----------+------+--------------+--------------------------------------------------------------------------------------------------------------+--------------+
; |Tetris_game                           ; 10144 (9755)      ; 255 (175)    ; 0           ; 1            ; 1       ; 0         ; 39   ; 0            ; |Tetris_game                                                                                                 ; work         ;
;    |divfreq1:F1|                       ; 37 (37)           ; 27 (27)      ; 0           ; 0            ; 0       ; 0         ; 0    ; 0            ; |Tetris_game|divfreq1:F1                                                                                     ; work         ;
;    |divfreq2:F2|                       ; 37 (37)           ; 27 (27)      ; 0           ; 0            ; 0       ; 0         ; 0    ; 0            ; |Tetris_game|divfreq2:F2                                                                                     ; work         ;
;    |divfreq:F0|                        ; 34 (34)           ; 26 (26)      ; 0           ; 0            ; 0       ; 0         ; 0    ; 0            ; |Tetris_game|divfreq:F0                                                                                      ; work         ;
;    |lpm_divide:Mod0|                   ; 248 (0)           ; 0 (0)        ; 0           ; 0            ; 0       ; 0         ; 0    ; 0            ; |Tetris_game|lpm_divide:Mod0                                                                                 ; work         ;
;       |lpm_divide_2am:auto_generated|  ; 248 (0)           ; 0 (0)        ; 0           ; 0            ; 0       ; 0         ; 0    ; 0            ; |Tetris_game|lpm_divide:Mod0|lpm_divide_2am:auto_generated                                                   ; work         ;
;          |sign_div_unsign_0mh:divider| ; 248 (0)           ; 0 (0)        ; 0           ; 0            ; 0       ; 0         ; 0    ; 0            ; |Tetris_game|lpm_divide:Mod0|lpm_divide_2am:auto_generated|sign_div_unsign_0mh:divider                       ; work         ;
;             |alt_u_div_a6f:divider|    ; 248 (248)         ; 0 (0)        ; 0           ; 0            ; 0       ; 0         ; 0    ; 0            ; |Tetris_game|lpm_divide:Mod0|lpm_divide_2am:auto_generated|sign_div_unsign_0mh:divider|alt_u_div_a6f:divider ; work         ;
;    |lpm_divide:Mod1|                   ; 33 (0)            ; 0 (0)        ; 0           ; 0            ; 0       ; 0         ; 0    ; 0            ; |Tetris_game|lpm_divide:Mod1                                                                                 ; work         ;
;       |lpm_divide_i8m:auto_generated|  ; 33 (0)            ; 0 (0)        ; 0           ; 0            ; 0       ; 0         ; 0    ; 0            ; |Tetris_game|lpm_divide:Mod1|lpm_divide_i8m:auto_generated                                                   ; work         ;
;          |sign_div_unsign_gkh:divider| ; 33 (0)            ; 0 (0)        ; 0           ; 0            ; 0       ; 0         ; 0    ; 0            ; |Tetris_game|lpm_divide:Mod1|lpm_divide_i8m:auto_generated|sign_div_unsign_gkh:divider                       ; work         ;
;             |alt_u_div_u2f:divider|    ; 33 (33)           ; 0 (0)        ; 0           ; 0            ; 0       ; 0         ; 0    ; 0            ; |Tetris_game|lpm_divide:Mod1|lpm_divide_i8m:auto_generated|sign_div_unsign_gkh:divider|alt_u_div_u2f:divider ; work         ;
;    |lpm_mult:Mult0|                    ; 0 (0)             ; 0 (0)        ; 0           ; 1            ; 1       ; 0         ; 0    ; 0            ; |Tetris_game|lpm_mult:Mult0                                                                                  ; work         ;
;       |mult_v8t:auto_generated|        ; 0 (0)             ; 0 (0)        ; 0           ; 1            ; 1       ; 0         ; 0    ; 0            ; |Tetris_game|lpm_mult:Mult0|mult_v8t:auto_generated                                                          ; work         ;
+----------------------------------------+-------------------+--------------+-------------+--------------+---------+-----------+------+--------------+--------------------------------------------------------------------------------------------------------------+--------------+
Note: For table entries with two numbers listed, the numbers in parentheses indicate the number of resources of the given type used by the specific entity alone. The numbers listed outside of parentheses indicate the total resources of the given type used by the specific entity and all of its sub-entities in the hierarchy.


+-----------------------------------------------------+
; Analysis & Synthesis DSP Block Usage Summary        ;
+---------------------------------------+-------------+
; Statistic                             ; Number Used ;
+---------------------------------------+-------------+
; Simple Multipliers (9-bit)            ; 1           ;
; Simple Multipliers (18-bit)           ; 0           ;
; Embedded Multiplier Blocks            ; --          ;
; Embedded Multiplier 9-bit elements    ; 1           ;
; Signed Embedded Multipliers           ; 0           ;
; Unsigned Embedded Multipliers         ; 1           ;
; Mixed Sign Embedded Multipliers       ; 0           ;
; Variable Sign Embedded Multipliers    ; 0           ;
; Dedicated Input Shift Register Chains ; 0           ;
+---------------------------------------+-------------+
Note: number of Embedded Multiplier Blocks used is only available after a successful fit.


+--------------------------------------------------------------------------------+
; Registers Removed During Synthesis                                             ;
+---------------------------------------+----------------------------------------+
; Register name                         ; Reason for Removal                     ;
+---------------------------------------+----------------------------------------+
; EN~reg0                               ; Stuck at VCC due to stuck port data_in ;
; Total Number of Removed Registers = 1 ;                                        ;
+---------------------------------------+----------------------------------------+


+------------------------------------------------------+
; General Register Statistics                          ;
+----------------------------------------------+-------+
; Statistic                                    ; Value ;
+----------------------------------------------+-------+
; Total registers                              ; 255   ;
; Number of registers using Synchronous Clear  ; 85    ;
; Number of registers using Synchronous Load   ; 9     ;
; Number of registers using Asynchronous Clear ; 0     ;
; Number of registers using Asynchronous Load  ; 0     ;
; Number of registers using Clock Enable       ; 5     ;
; Number of registers using Preset             ; 0     ;
+----------------------------------------------+-------+


+---------------------------------------------------+
; Inverted Register Statistics                      ;
+-----------------------------------------+---------+
; Inverted Register                       ; Fan out ;
+-----------------------------------------+---------+
; current[0]~reg0                         ; 13      ;
; current[1]~reg0                         ; 13      ;
; plate[2][1]                             ; 5       ;
; plate[0][1]                             ; 5       ;
; plate[1][1]                             ; 5       ;
; plate[3][1]                             ; 5       ;
; plate[5][1]                             ; 5       ;
; plate[4][1]                             ; 5       ;
; plate[6][1]                             ; 4       ;
; plate[7][1]                             ; 4       ;
; plate[2][0]                             ; 14      ;
; plate[0][0]                             ; 14      ;
; plate[1][0]                             ; 13      ;
; plate[3][0]                             ; 14      ;
; plate[5][0]                             ; 14      ;
; plate[4][0]                             ; 13      ;
; plate[6][0]                             ; 13      ;
; plate[7][0]                             ; 12      ;
; plate[2][3]                             ; 5       ;
; plate[0][3]                             ; 5       ;
; plate[1][3]                             ; 5       ;
; plate[3][3]                             ; 6       ;
; plate[5][3]                             ; 5       ;
; plate[4][3]                             ; 5       ;
; plate[6][3]                             ; 4       ;
; plate[7][3]                             ; 4       ;
; plate[3][2]                             ; 6       ;
; plate[2][2]                             ; 7       ;
; plate[0][2]                             ; 7       ;
; plate[1][2]                             ; 7       ;
; plate[5][2]                             ; 6       ;
; plate[4][2]                             ; 6       ;
; plate[6][2]                             ; 5       ;
; plate[7][2]                             ; 5       ;
; plate[2][5]                             ; 5       ;
; plate[0][5]                             ; 5       ;
; plate[1][5]                             ; 5       ;
; plate[3][5]                             ; 5       ;
; plate[5][5]                             ; 5       ;
; plate[4][5]                             ; 5       ;
; plate[6][5]                             ; 4       ;
; plate[7][5]                             ; 4       ;
; plate[3][4]                             ; 6       ;
; plate[2][4]                             ; 6       ;
; plate[0][4]                             ; 6       ;
; plate[1][4]                             ; 6       ;
; plate[5][4]                             ; 6       ;
; plate[4][4]                             ; 6       ;
; plate[6][4]                             ; 5       ;
; plate[7][4]                             ; 5       ;
; plate[0][7]                             ; 4       ;
; plate[3][7]                             ; 4       ;
; plate[1][7]                             ; 4       ;
; plate[5][7]                             ; 4       ;
; plate[4][7]                             ; 4       ;
; plate[2][7]                             ; 4       ;
; plate[6][7]                             ; 4       ;
; plate[7][7]                             ; 4       ;
; plate[0][6]                             ; 5       ;
; plate[3][6]                             ; 5       ;
; plate[1][6]                             ; 5       ;
; plate[5][6]                             ; 5       ;
; plate[4][6]                             ; 5       ;
; plate[2][6]                             ; 5       ;
; plate[6][6]                             ; 5       ;
; plate[7][6]                             ; 5       ;
; mode1[1]                                ; 22      ;
; factor[0]                               ; 10      ;
; random1[1]                              ; 1       ;
; random1[5]                              ; 1       ;
; Total number of inverted registers = 70 ;         ;
+-----------------------------------------+---------+


+--------------------------------------------------------------------------------------------------------------------------------------------+
; Multiplexer Restructuring Statistics (Restructuring Performed)                                                                             ;
+--------------------+-----------+---------------+----------------------+------------------------+------------+------------------------------+
; Multiplexer Inputs ; Bus Width ; Baseline Area ; Area if Restructured ; Saving if Restructured ; Registered ; Example Multiplexer Output   ;
+--------------------+-----------+---------------+----------------------+------------------------+------------+------------------------------+
; 17:1               ; 5 bits    ; 55 LEs        ; 30 LEs               ; 25 LEs                 ; Yes        ; |Tetris_game|run[6]          ;
; 7:1                ; 4 bits    ; 16 LEs        ; 8 LEs                ; 8 LEs                  ; Yes        ; |Tetris_game|current[2]~reg0 ;
; 12:1               ; 8 bits    ; 64 LEs        ; 48 LEs               ; 16 LEs                 ; Yes        ; |Tetris_game|DATA_R[0]~reg0  ;
; 37:1               ; 2 bits    ; 48 LEs        ; 4 LEs                ; 44 LEs                 ; Yes        ; |Tetris_game|factor[2]       ;
; 7:1                ; 2 bits    ; 8 LEs         ; 4 LEs                ; 4 LEs                  ; Yes        ; |Tetris_game|current[0]~reg0 ;
; 18:1               ; 8 bits    ; 96 LEs        ; 48 LEs               ; 48 LEs                 ; Yes        ; |Tetris_game|plate[7][0]     ;
; 18:1               ; 8 bits    ; 96 LEs        ; 48 LEs               ; 48 LEs                 ; Yes        ; |Tetris_game|plate[5][4]     ;
; 18:1               ; 8 bits    ; 96 LEs        ; 48 LEs               ; 48 LEs                 ; Yes        ; |Tetris_game|plate[3][4]     ;
; 18:1               ; 8 bits    ; 96 LEs        ; 48 LEs               ; 48 LEs                 ; Yes        ; |Tetris_game|plate[4][4]     ;
; 18:1               ; 8 bits    ; 96 LEs        ; 48 LEs               ; 48 LEs                 ; Yes        ; |Tetris_game|plate[0][7]     ;
; 18:1               ; 8 bits    ; 96 LEs        ; 48 LEs               ; 48 LEs                 ; Yes        ; |Tetris_game|plate[1][5]     ;
; 18:1               ; 8 bits    ; 96 LEs        ; 48 LEs               ; 48 LEs                 ; Yes        ; |Tetris_game|plate[2][2]     ;
; 18:1               ; 8 bits    ; 96 LEs        ; 48 LEs               ; 48 LEs                 ; Yes        ; |Tetris_game|plate[6][2]     ;
; 3:1                ; 4 bits    ; 8 LEs         ; 4 LEs                ; 4 LEs                  ; No         ; |Tetris_game|mode1           ;
; 4:1                ; 8 bits    ; 16 LEs        ; 16 LEs               ; 0 LEs                  ; No         ; |Tetris_game|Mux111          ;
; 4:1                ; 8 bits    ; 16 LEs        ; 16 LEs               ; 0 LEs                  ; No         ; |Tetris_game|Mux158          ;
; 3:1                ; 8 bits    ; 16 LEs        ; 8 LEs                ; 8 LEs                  ; No         ; |Tetris_game|run             ;
; 4:1                ; 2 bits    ; 4 LEs         ; 4 LEs                ; 0 LEs                  ; No         ; |Tetris_game|Mux105          ;
; 4:1                ; 2 bits    ; 4 LEs         ; 4 LEs                ; 0 LEs                  ; No         ; |Tetris_game|Mux123          ;
; 4:1                ; 17 bits   ; 34 LEs        ; 34 LEs               ; 0 LEs                  ; No         ; |Tetris_game|Mux194          ;
; 4:1                ; 3 bits    ; 6 LEs         ; 6 LEs                ; 0 LEs                  ; No         ; |Tetris_game|Mux237          ;
; 3:1                ; 8 bits    ; 16 LEs        ; 16 LEs               ; 0 LEs                  ; No         ; |Tetris_game|run             ;
; 3:1                ; 8 bits    ; 16 LEs        ; 16 LEs               ; 0 LEs                  ; No         ; |Tetris_game|run             ;
; 3:1                ; 8 bits    ; 16 LEs        ; 16 LEs               ; 0 LEs                  ; No         ; |Tetris_game|run             ;
; 3:1                ; 8 bits    ; 16 LEs        ; 16 LEs               ; 0 LEs                  ; No         ; |Tetris_game|run             ;
; 3:1                ; 8 bits    ; 16 LEs        ; 16 LEs               ; 0 LEs                  ; No         ; |Tetris_game|run             ;
; 3:1                ; 8 bits    ; 16 LEs        ; 16 LEs               ; 0 LEs                  ; No         ; |Tetris_game|run             ;
; 3:1                ; 8 bits    ; 16 LEs        ; 16 LEs               ; 0 LEs                  ; No         ; |Tetris_game|run             ;
; 3:1                ; 8 bits    ; 16 LEs        ; 16 LEs               ; 0 LEs                  ; No         ; |Tetris_game|run             ;
; 4:1                ; 8 bits    ; 16 LEs        ; 16 LEs               ; 0 LEs                  ; No         ; |Tetris_game|Mux264          ;
; 4:1                ; 8 bits    ; 16 LEs        ; 16 LEs               ; 0 LEs                  ; No         ; |Tetris_game|Mux252          ;
; 4:1                ; 14 bits   ; 28 LEs        ; 28 LEs               ; 0 LEs                  ; No         ; |Tetris_game|Mux225          ;
; 8:1                ; 9 bits    ; 45 LEs        ; 45 LEs               ; 0 LEs                  ; No         ; |Tetris_game|Mux174          ;
; 8:1                ; 64 bits   ; 320 LEs       ; 320 LEs              ; 0 LEs                  ; No         ; |Tetris_game|Mux81           ;
; 8:1                ; 79 bits   ; 395 LEs       ; 395 LEs              ; 0 LEs                  ; No         ; |Tetris_game|Mux26           ;
; 8:1                ; 8 bits    ; 40 LEs        ; 40 LEs               ; 0 LEs                  ; No         ; |Tetris_game|Mux115          ;
; 4:1                ; 3 bits    ; 6 LEs         ; 3 LEs                ; 3 LEs                  ; No         ; |Tetris_game|factor          ;
; 4:1                ; 6 bits    ; 12 LEs        ; 6 LEs                ; 6 LEs                  ; No         ; |Tetris_game|current         ;
; 4:1                ; 6 bits    ; 12 LEs        ; 6 LEs                ; 6 LEs                  ; No         ; |Tetris_game|current         ;
; 4:1                ; 6 bits    ; 12 LEs        ; 6 LEs                ; 6 LEs                  ; No         ; |Tetris_game|current         ;
; 4:1                ; 6 bits    ; 12 LEs        ; 6 LEs                ; 6 LEs                  ; No         ; |Tetris_game|current         ;
; 4:1                ; 6 bits    ; 12 LEs        ; 6 LEs                ; 6 LEs                  ; No         ; |Tetris_game|current         ;
; 4:1                ; 6 bits    ; 12 LEs        ; 6 LEs                ; 6 LEs                  ; No         ; |Tetris_game|current         ;
; 4:1                ; 6 bits    ; 12 LEs        ; 6 LEs                ; 6 LEs                  ; No         ; |Tetris_game|current         ;
; 4:1                ; 6 bits    ; 12 LEs        ; 6 LEs                ; 6 LEs                  ; No         ; |Tetris_game|current         ;
; 8:1                ; 3 bits    ; 15 LEs        ; 15 LEs               ; 0 LEs                  ; No         ; |Tetris_game|Mux262          ;
; 8:1                ; 3 bits    ; 15 LEs        ; 15 LEs               ; 0 LEs                  ; No         ; |Tetris_game|Mux263          ;
; 8:1                ; 8 bits    ; 40 LEs        ; 40 LEs               ; 0 LEs                  ; No         ; |Tetris_game|Mux288          ;
; 8:1                ; 14 bits   ; 70 LEs        ; 70 LEs               ; 0 LEs                  ; No         ; |Tetris_game|Mux205          ;
; 8:1                ; 8 bits    ; 40 LEs        ; 40 LEs               ; 0 LEs                  ; No         ; |Tetris_game|Mux248          ;
; 17:1               ; 3 bits    ; 33 LEs        ; 18 LEs               ; 15 LEs                 ; No         ; |Tetris_game|run             ;
; 8:1                ; 2 bits    ; 10 LEs        ; 10 LEs               ; 0 LEs                  ; No         ; |Tetris_game|Mux241          ;
; 8:1                ; 8 bits    ; 40 LEs        ; 40 LEs               ; 0 LEs                  ; No         ; |Tetris_game|Mux275          ;
; 21:1               ; 6 bits    ; 84 LEs        ; 54 LEs               ; 30 LEs                 ; No         ; |Tetris_game|current         ;
; 36:1               ; 2 bits    ; 48 LEs        ; 16 LEs               ; 32 LEs                 ; No         ; |Tetris_game|mode1           ;
+--------------------+-----------+---------------+----------------------+------------------------+------------+------------------------------+


+------------------------------------------------------------------+
; Parameter Settings for Inferred Entity Instance: lpm_divide:Mod0 ;
+------------------------+----------------+------------------------+
; Parameter Name         ; Value          ; Type                   ;
+------------------------+----------------+------------------------+
; LPM_WIDTHN             ; 19             ; Untyped                ;
; LPM_WIDTHD             ; 6              ; Untyped                ;
; LPM_NREPRESENTATION    ; UNSIGNED       ; Untyped                ;
; LPM_DREPRESENTATION    ; UNSIGNED       ; Untyped                ;
; LPM_PIPELINE           ; 0              ; Untyped                ;
; LPM_REMAINDERPOSITIVE  ; TRUE           ; Untyped                ;
; MAXIMIZE_SPEED         ; 5              ; Untyped                ;
; CBXI_PARAMETER         ; lpm_divide_2am ; Untyped                ;
; CARRY_CHAIN            ; MANUAL         ; Untyped                ;
; OPTIMIZE_FOR_SPEED     ; 5              ; Untyped                ;
; AUTO_CARRY_CHAINS      ; ON             ; AUTO_CARRY             ;
; IGNORE_CARRY_BUFFERS   ; OFF            ; IGNORE_CARRY           ;
; AUTO_CASCADE_CHAINS    ; ON             ; AUTO_CASCADE           ;
; IGNORE_CASCADE_BUFFERS ; OFF            ; IGNORE_CASCADE         ;
+------------------------+----------------+------------------------+
Note: In order to hide this table in the UI and the text report file, please set the "Show Parameter Settings in Synthesis Report" option in "Analysis and Synthesis Settings -> More Settings" to "Off".


+------------------------------------------------------------------+
; Parameter Settings for Inferred Entity Instance: lpm_divide:Mod1 ;
+------------------------+----------------+------------------------+
; Parameter Name         ; Value          ; Type                   ;
+------------------------+----------------+------------------------+
; LPM_WIDTHN             ; 6              ; Untyped                ;
; LPM_WIDTHD             ; 4              ; Untyped                ;
; LPM_NREPRESENTATION    ; UNSIGNED       ; Untyped                ;
; LPM_DREPRESENTATION    ; UNSIGNED       ; Untyped                ;
; LPM_PIPELINE           ; 0              ; Untyped                ;
; LPM_REMAINDERPOSITIVE  ; TRUE           ; Untyped                ;
; MAXIMIZE_SPEED         ; 5              ; Untyped                ;
; CBXI_PARAMETER         ; lpm_divide_i8m ; Untyped                ;
; CARRY_CHAIN            ; MANUAL         ; Untyped                ;
; OPTIMIZE_FOR_SPEED     ; 5              ; Untyped                ;
; AUTO_CARRY_CHAINS      ; ON             ; AUTO_CARRY             ;
; IGNORE_CARRY_BUFFERS   ; OFF            ; IGNORE_CARRY           ;
; AUTO_CASCADE_CHAINS    ; ON             ; AUTO_CASCADE           ;
; IGNORE_CASCADE_BUFFERS ; OFF            ; IGNORE_CASCADE         ;
+------------------------+----------------+------------------------+
Note: In order to hide this table in the UI and the text report file, please set the "Show Parameter Settings in Synthesis Report" option in "Analysis and Synthesis Settings -> More Settings" to "Off".


+------------------------------------------------------------------------------------+
; Parameter Settings for Inferred Entity Instance: lpm_mult:Mult0                    ;
+------------------------------------------------+-------------+---------------------+
; Parameter Name                                 ; Value       ; Type                ;
+------------------------------------------------+-------------+---------------------+
; AUTO_CARRY_CHAINS                              ; ON          ; AUTO_CARRY          ;
; IGNORE_CARRY_BUFFERS                           ; OFF         ; IGNORE_CARRY        ;
; AUTO_CASCADE_CHAINS                            ; ON          ; AUTO_CASCADE        ;
; IGNORE_CASCADE_BUFFERS                         ; OFF         ; IGNORE_CASCADE      ;
; LPM_WIDTHA                                     ; 6           ; Untyped             ;
; LPM_WIDTHB                                     ; 9           ; Untyped             ;
; LPM_WIDTHP                                     ; 15          ; Untyped             ;
; LPM_WIDTHR                                     ; 15          ; Untyped             ;
; LPM_WIDTHS                                     ; 1           ; Untyped             ;
; LPM_REPRESENTATION                             ; UNSIGNED    ; Untyped             ;
; LPM_PIPELINE                                   ; 0           ; Untyped             ;
; LATENCY                                        ; 0           ; Untyped             ;
; INPUT_A_IS_CONSTANT                            ; NO          ; Untyped             ;
; INPUT_B_IS_CONSTANT                            ; NO          ; Untyped             ;
; USE_EAB                                        ; OFF         ; Untyped             ;
; MAXIMIZE_SPEED                                 ; 5           ; Untyped             ;
; DEVICE_FAMILY                                  ; Cyclone III ; Untyped             ;
; CARRY_CHAIN                                    ; MANUAL      ; Untyped             ;
; APEX20K_TECHNOLOGY_MAPPER                      ; LUT         ; TECH_MAPPER_APEX20K ;
; DEDICATED_MULTIPLIER_CIRCUITRY                 ; AUTO        ; Untyped             ;
; DEDICATED_MULTIPLIER_MIN_INPUT_WIDTH_FOR_AUTO  ; 0           ; Untyped             ;
; DEDICATED_MULTIPLIER_MIN_OUTPUT_WIDTH_FOR_AUTO ; 0           ; Untyped             ;
; CBXI_PARAMETER                                 ; mult_v8t    ; Untyped             ;
; INPUT_A_FIXED_VALUE                            ; Bx          ; Untyped             ;
; INPUT_B_FIXED_VALUE                            ; Bx          ; Untyped             ;
; USE_AHDL_IMPLEMENTATION                        ; OFF         ; Untyped             ;
+------------------------------------------------+-------------+---------------------+
Note: In order to hide this table in the UI and the text report file, please set the "Show Parameter Settings in Synthesis Report" option in "Analysis and Synthesis Settings -> More Settings" to "Off".


+--------------------------------------------------------+
; lpm_mult Parameter Settings by Entity Instance         ;
+---------------------------------------+----------------+
; Name                                  ; Value          ;
+---------------------------------------+----------------+
; Number of entity instances            ; 1              ;
; Entity Instance                       ; lpm_mult:Mult0 ;
;     -- LPM_WIDTHA                     ; 6              ;
;     -- LPM_WIDTHB                     ; 9              ;
;     -- LPM_WIDTHP                     ; 15             ;
;     -- LPM_REPRESENTATION             ; UNSIGNED       ;
;     -- INPUT_A_IS_CONSTANT            ; NO             ;
;     -- INPUT_B_IS_CONSTANT            ; NO             ;
;     -- USE_EAB                        ; OFF            ;
;     -- DEDICATED_MULTIPLIER_CIRCUITRY ; AUTO           ;
;     -- INPUT_A_FIXED_VALUE            ; Bx             ;
;     -- INPUT_B_FIXED_VALUE            ; Bx             ;
+---------------------------------------+----------------+


+-------------------------------+
; Elapsed Time Per Partition    ;
+----------------+--------------+
; Partition Name ; Elapsed Time ;
+----------------+--------------+
; Top            ; 00:01:32     ;
+----------------+--------------+


+-------------------------------+
; Analysis & Synthesis Messages ;
+-------------------------------+
Info: *******************************************************************
Info: Running Quartus II 64-Bit Analysis & Synthesis
    Info: Version 13.1.0 Build 162 10/23/2013 SJ Web Edition
    Info: Processing started: Tue Jan 16 00:57:40 2018
Info: Command: quartus_map --read_settings_files=on --write_settings_files=off Tetris_game -c Tetris_game
Warning (20028): Parallel compilation is not licensed and has been disabled
Info (12021): Found 4 design units, including 4 entities, in source file tetris_game.v
    Info (12023): Found entity 1: Tetris_game
    Info (12023): Found entity 2: divfreq
    Info (12023): Found entity 3: divfreq2
    Info (12023): Found entity 4: divfreq1
Warning (10236): Verilog HDL Implicit Net warning at Tetris_game.v(16): created implicit net for "CLK_div"
Warning (10236): Verilog HDL Implicit Net warning at Tetris_game.v(17): created implicit net for "CLK_div2"
Warning (10236): Verilog HDL Implicit Net warning at Tetris_game.v(18): created implicit net for "CLK_div1"
Info (12127): Elaborating entity "Tetris_game" for the top level hierarchy
Warning (10036): Verilog HDL or VHDL warning at Tetris_game.v(7): object "down" assigned a value but never read
Warning (10230): Verilog HDL assignment warning at Tetris_game.v(39): truncated value with size 32 to match size of target (6)
Warning (10230): Verilog HDL assignment warning at Tetris_game.v(52): truncated value with size 32 to match size of target (8)
Warning (10230): Verilog HDL assignment warning at Tetris_game.v(53): truncated value with size 8 to match size of target (3)
Warning (10230): Verilog HDL assignment warning at Tetris_game.v(61): truncated value with size 32 to match size of target (6)
Warning (10230): Verilog HDL assignment warning at Tetris_game.v(62): truncated value with size 32 to match size of target (6)
Warning (10230): Verilog HDL assignment warning at Tetris_game.v(65): truncated value with size 32 to match size of target (6)
Warning (10230): Verilog HDL assignment warning at Tetris_game.v(67): truncated value with size 32 to match size of target (6)
Warning (10230): Verilog HDL assignment warning at Tetris_game.v(129): truncated value with size 32 to match size of target (6)
Warning (10230): Verilog HDL assignment warning at Tetris_game.v(135): truncated value with size 6 to match size of target (4)
Warning (10230): Verilog HDL assignment warning at Tetris_game.v(141): truncated value with size 32 to match size of target (8)
Warning (10230): Verilog HDL assignment warning at Tetris_game.v(142): truncated value with size 32 to match size of target (8)
Warning (10230): Verilog HDL assignment warning at Tetris_game.v(143): truncated value with size 32 to match size of target (8)
Warning (10230): Verilog HDL assignment warning at Tetris_game.v(152): truncated value with size 6 to match size of target (4)
Warning (10230): Verilog HDL assignment warning at Tetris_game.v(156): truncated value with size 32 to match size of target (8)
Warning (10230): Verilog HDL assignment warning at Tetris_game.v(157): truncated value with size 32 to match size of target (8)
Warning (10230): Verilog HDL assignment warning at Tetris_game.v(158): truncated value with size 32 to match size of target (3)
Warning (10230): Verilog HDL assignment warning at Tetris_game.v(159): truncated value with size 32 to match size of target (8)
Warning (10230): Verilog HDL assignment warning at Tetris_game.v(165): truncated value with size 6 to match size of target (4)
Warning (10230): Verilog HDL assignment warning at Tetris_game.v(173): truncated value with size 32 to match size of target (6)
Warning (10230): Verilog HDL assignment warning at Tetris_game.v(174): truncated value with size 32 to match size of target (8)
Warning (10230): Verilog HDL assignment warning at Tetris_game.v(176): truncated value with size 32 to match size of target (3)
Warning (10230): Verilog HDL assignment warning at Tetris_game.v(194): truncated value with size 32 to match size of target (6)
Warning (10230): Verilog HDL assignment warning at Tetris_game.v(200): truncated value with size 6 to match size of target (4)
Warning (10230): Verilog HDL assignment warning at Tetris_game.v(206): truncated value with size 32 to match size of target (8)
Warning (10230): Verilog HDL assignment warning at Tetris_game.v(207): truncated value with size 32 to match size of target (8)
Warning (10230): Verilog HDL assignment warning at Tetris_game.v(208): truncated value with size 32 to match size of target (8)
Warning (10230): Verilog HDL assignment warning at Tetris_game.v(209): truncated value with size 32 to match size of target (8)
Warning (10230): Verilog HDL assignment warning at Tetris_game.v(219): truncated value with size 6 to match size of target (4)
Warning (10230): Verilog HDL assignment warning at Tetris_game.v(223): truncated value with size 32 to match size of target (8)
Warning (10230): Verilog HDL assignment warning at Tetris_game.v(224): truncated value with size 32 to match size of target (8)
Warning (10230): Verilog HDL assignment warning at Tetris_game.v(225): truncated value with size 32 to match size of target (8)
Warning (10230): Verilog HDL assignment warning at Tetris_game.v(226): truncated value with size 32 to match size of target (3)
Warning (10230): Verilog HDL assignment warning at Tetris_game.v(227): truncated value with size 32 to match size of target (8)
Warning (10230): Verilog HDL assignment warning at Tetris_game.v(233): truncated value with size 6 to match size of target (4)
Warning (10230): Verilog HDL assignment warning at Tetris_game.v(259): truncated value with size 32 to match size of target (6)
Warning (10230): Verilog HDL assignment warning at Tetris_game.v(265): truncated value with size 6 to match size of target (4)
Warning (10230): Verilog HDL assignment warning at Tetris_game.v(271): truncated value with size 32 to match size of target (8)
Warning (10230): Verilog HDL assignment warning at Tetris_game.v(272): truncated value with size 32 to match size of target (8)
Warning (10230): Verilog HDL assignment warning at Tetris_game.v(273): truncated value with size 32 to match size of target (8)
Warning (10230): Verilog HDL assignment warning at Tetris_game.v(282): truncated value with size 6 to match size of target (4)
Warning (10230): Verilog HDL assignment warning at Tetris_game.v(286): truncated value with size 32 to match size of target (8)
Warning (10230): Verilog HDL assignment warning at Tetris_game.v(287): truncated value with size 32 to match size of target (8)
Warning (10230): Verilog HDL assignment warning at Tetris_game.v(288): truncated value with size 32 to match size of target (3)
Warning (10230): Verilog HDL assignment warning at Tetris_game.v(289): truncated value with size 32 to match size of target (8)
Warning (10230): Verilog HDL assignment warning at Tetris_game.v(295): truncated value with size 6 to match size of target (4)
Warning (10230): Verilog HDL assignment warning at Tetris_game.v(319): truncated value with size 32 to match size of target (6)
Warning (10230): Verilog HDL assignment warning at Tetris_game.v(325): truncated value with size 6 to match size of target (4)
Warning (10230): Verilog HDL assignment warning at Tetris_game.v(331): truncated value with size 32 to match size of target (8)
Warning (10230): Verilog HDL assignment warning at Tetris_game.v(332): truncated value with size 32 to match size of target (8)
Warning (10230): Verilog HDL assignment warning at Tetris_game.v(333): truncated value with size 32 to match size of target (8)
Warning (10230): Verilog HDL assignment warning at Tetris_game.v(334): truncated value with size 32 to match size of target (8)
Warning (10230): Verilog HDL assignment warning at Tetris_game.v(344): truncated value with size 6 to match size of target (4)
Warning (10230): Verilog HDL assignment warning at Tetris_game.v(348): truncated value with size 32 to match size of target (8)
Warning (10230): Verilog HDL assignment warning at Tetris_game.v(349): truncated value with size 32 to match size of target (8)
Warning (10230): Verilog HDL assignment warning at Tetris_game.v(350): truncated value with size 32 to match size of target (8)
Warning (10230): Verilog HDL assignment warning at Tetris_game.v(351): truncated value with size 32 to match size of target (3)
Warning (10230): Verilog HDL assignment warning at Tetris_game.v(352): truncated value with size 32 to match size of target (8)
Warning (10230): Verilog HDL assignment warning at Tetris_game.v(358): truncated value with size 6 to match size of target (4)
Warning (10230): Verilog HDL assignment warning at Tetris_game.v(366): truncated value with size 32 to match size of target (6)
Warning (10230): Verilog HDL assignment warning at Tetris_game.v(382): truncated value with size 32 to match size of target (6)
Warning (10230): Verilog HDL assignment warning at Tetris_game.v(388): truncated value with size 6 to match size of target (4)
Warning (10230): Verilog HDL assignment warning at Tetris_game.v(394): truncated value with size 32 to match size of target (8)
Warning (10230): Verilog HDL assignment warning at Tetris_game.v(395): truncated value with size 32 to match size of target (8)
Warning (10230): Verilog HDL assignment warning at Tetris_game.v(396): truncated value with size 32 to match size of target (8)
Warning (10230): Verilog HDL assignment warning at Tetris_game.v(397): truncated value with size 32 to match size of target (8)
Warning (10230): Verilog HDL assignment warning at Tetris_game.v(407): truncated value with size 6 to match size of target (4)
Warning (10230): Verilog HDL assignment warning at Tetris_game.v(411): truncated value with size 32 to match size of target (8)
Warning (10230): Verilog HDL assignment warning at Tetris_game.v(412): truncated value with size 32 to match size of target (8)
Warning (10230): Verilog HDL assignment warning at Tetris_game.v(413): truncated value with size 32 to match size of target (8)
Warning (10230): Verilog HDL assignment warning at Tetris_game.v(414): truncated value with size 32 to match size of target (3)
Warning (10230): Verilog HDL assignment warning at Tetris_game.v(415): truncated value with size 32 to match size of target (8)
Warning (10230): Verilog HDL assignment warning at Tetris_game.v(421): truncated value with size 6 to match size of target (4)
Warning (10230): Verilog HDL assignment warning at Tetris_game.v(431): truncated value with size 32 to match size of target (6)
Warning (10230): Verilog HDL assignment warning at Tetris_game.v(450): truncated value with size 32 to match size of target (6)
Warning (10230): Verilog HDL assignment warning at Tetris_game.v(456): truncated value with size 6 to match size of target (4)
Warning (10230): Verilog HDL assignment warning at Tetris_game.v(462): truncated value with size 32 to match size of target (8)
Warning (10230): Verilog HDL assignment warning at Tetris_game.v(463): truncated value with size 32 to match size of target (8)
Warning (10230): Verilog HDL assignment warning at Tetris_game.v(464): truncated value with size 32 to match size of target (8)
Warning (10230): Verilog HDL assignment warning at Tetris_game.v(473): truncated value with size 6 to match size of target (4)
Warning (10230): Verilog HDL assignment warning at Tetris_game.v(477): truncated value with size 32 to match size of target (8)
Warning (10230): Verilog HDL assignment warning at Tetris_game.v(478): truncated value with size 32 to match size of target (8)
Warning (10230): Verilog HDL assignment warning at Tetris_game.v(479): truncated value with size 32 to match size of target (3)
Warning (10230): Verilog HDL assignment warning at Tetris_game.v(480): truncated value with size 32 to match size of target (8)
Warning (10230): Verilog HDL assignment warning at Tetris_game.v(486): truncated value with size 6 to match size of target (4)
Warning (10230): Verilog HDL assignment warning at Tetris_game.v(512): truncated value with size 32 to match size of target (6)
Warning (10230): Verilog HDL assignment warning at Tetris_game.v(518): truncated value with size 6 to match size of target (4)
Warning (10230): Verilog HDL assignment warning at Tetris_game.v(524): truncated value with size 32 to match size of target (8)
Warning (10230): Verilog HDL assignment warning at Tetris_game.v(525): truncated value with size 32 to match size of target (8)
Warning (10230): Verilog HDL assignment warning at Tetris_game.v(526): truncated value with size 32 to match size of target (8)
Warning (10230): Verilog HDL assignment warning at Tetris_game.v(527): truncated value with size 32 to match size of target (8)
Warning (10230): Verilog HDL assignment warning at Tetris_game.v(537): truncated value with size 6 to match size of target (4)
Warning (10230): Verilog HDL assignment warning at Tetris_game.v(541): truncated value with size 32 to match size of target (8)
Warning (10230): Verilog HDL assignment warning at Tetris_game.v(542): truncated value with size 32 to match size of target (8)
Warning (10230): Verilog HDL assignment warning at Tetris_game.v(543): truncated value with size 32 to match size of target (8)
Warning (10230): Verilog HDL assignment warning at Tetris_game.v(544): truncated value with size 32 to match size of target (3)
Warning (10230): Verilog HDL assignment warning at Tetris_game.v(545): truncated value with size 32 to match size of target (8)
Warning (10230): Verilog HDL assignment warning at Tetris_game.v(551): truncated value with size 6 to match size of target (4)
Warning (10230): Verilog HDL assignment warning at Tetris_game.v(578): truncated value with size 32 to match size of target (6)
Warning (10230): Verilog HDL assignment warning at Tetris_game.v(584): truncated value with size 6 to match size of target (4)
Warning (10230): Verilog HDL assignment warning at Tetris_game.v(590): truncated value with size 32 to match size of target (8)
Warning (10230): Verilog HDL assignment warning at Tetris_game.v(591): truncated value with size 32 to match size of target (8)
Warning (10230): Verilog HDL assignment warning at Tetris_game.v(592): truncated value with size 32 to match size of target (8)
Warning (10230): Verilog HDL assignment warning at Tetris_game.v(601): truncated value with size 6 to match size of target (4)
Warning (10230): Verilog HDL assignment warning at Tetris_game.v(605): truncated value with size 32 to match size of target (8)
Warning (10230): Verilog HDL assignment warning at Tetris_game.v(606): truncated value with size 32 to match size of target (8)
Warning (10230): Verilog HDL assignment warning at Tetris_game.v(607): truncated value with size 32 to match size of target (3)
Warning (10230): Verilog HDL assignment warning at Tetris_game.v(608): truncated value with size 32 to match size of target (8)
Warning (10230): Verilog HDL assignment warning at Tetris_game.v(614): truncated value with size 6 to match size of target (4)
Warning (10230): Verilog HDL assignment warning at Tetris_game.v(624): truncated value with size 32 to match size of target (6)
Warning (10230): Verilog HDL assignment warning at Tetris_game.v(642): truncated value with size 32 to match size of target (6)
Warning (10230): Verilog HDL assignment warning at Tetris_game.v(648): truncated value with size 6 to match size of target (4)
Warning (10230): Verilog HDL assignment warning at Tetris_game.v(654): truncated value with size 32 to match size of target (8)
Warning (10230): Verilog HDL assignment warning at Tetris_game.v(655): truncated value with size 32 to match size of target (8)
Warning (10230): Verilog HDL assignment warning at Tetris_game.v(656): truncated value with size 32 to match size of target (8)
Warning (10230): Verilog HDL assignment warning at Tetris_game.v(657): truncated value with size 32 to match size of target (8)
Warning (10230): Verilog HDL assignment warning at Tetris_game.v(667): truncated value with size 6 to match size of target (4)
Warning (10230): Verilog HDL assignment warning at Tetris_game.v(671): truncated value with size 32 to match size of target (8)
Warning (10230): Verilog HDL assignment warning at Tetris_game.v(672): truncated value with size 32 to match size of target (8)
Warning (10230): Verilog HDL assignment warning at Tetris_game.v(673): truncated value with size 32 to match size of target (8)
Warning (10230): Verilog HDL assignment warning at Tetris_game.v(674): truncated value with size 32 to match size of target (3)
Warning (10230): Verilog HDL assignment warning at Tetris_game.v(675): truncated value with size 32 to match size of target (8)
Warning (10230): Verilog HDL assignment warning at Tetris_game.v(681): truncated value with size 6 to match size of target (4)
Warning (10230): Verilog HDL assignment warning at Tetris_game.v(691): truncated value with size 32 to match size of target (6)
Warning (10230): Verilog HDL assignment warning at Tetris_game.v(710): truncated value with size 32 to match size of target (6)
Warning (10230): Verilog HDL assignment warning at Tetris_game.v(716): truncated value with size 6 to match size of target (4)
Warning (10230): Verilog HDL assignment warning at Tetris_game.v(722): truncated value with size 32 to match size of target (8)
Warning (10230): Verilog HDL assignment warning at Tetris_game.v(723): truncated value with size 32 to match size of target (8)
Warning (10230): Verilog HDL assignment warning at Tetris_game.v(724): truncated value with size 32 to match size of target (8)
Warning (10230): Verilog HDL assignment warning at Tetris_game.v(733): truncated value with size 6 to match size of target (4)
Warning (10230): Verilog HDL assignment warning at Tetris_game.v(737): truncated value with size 32 to match size of target (8)
Warning (10230): Verilog HDL assignment warning at Tetris_game.v(738): truncated value with size 32 to match size of target (8)
Warning (10230): Verilog HDL assignment warning at Tetris_game.v(739): truncated value with size 32 to match size of target (3)
Warning (10230): Verilog HDL assignment warning at Tetris_game.v(740): truncated value with size 32 to match size of target (8)
Warning (10230): Verilog HDL assignment warning at Tetris_game.v(746): truncated value with size 6 to match size of target (4)
Warning (10230): Verilog HDL assignment warning at Tetris_game.v(761): truncated value with size 8 to match size of target (6)
Warning (10230): Verilog HDL assignment warning at Tetris_game.v(762): truncated value with size 8 to match size of target (6)
Warning (10230): Verilog HDL assignment warning at Tetris_game.v(763): truncated value with size 8 to match size of target (6)
Warning (10230): Verilog HDL assignment warning at Tetris_game.v(777): truncated value with size 32 to match size of target (6)
Warning (10230): Verilog HDL assignment warning at Tetris_game.v(792): truncated value with size 32 to match size of target (6)
Warning (10230): Verilog HDL assignment warning at Tetris_game.v(824): truncated value with size 32 to match size of target (6)
Warning (10230): Verilog HDL assignment warning at Tetris_game.v(839): truncated value with size 32 to match size of target (6)
Info (12128): Elaborating entity "divfreq" for hierarchy "divfreq:F0"
Info (12128): Elaborating entity "divfreq1" for hierarchy "divfreq1:F1"
Info (12128): Elaborating entity "divfreq2" for hierarchy "divfreq2:F2"
Info (278001): Inferred 3 megafunctions from design logic
    Info (278004): Inferred divider/modulo megafunction ("lpm_divide") from the following logic: "Mod0"
    Info (278004): Inferred divider/modulo megafunction ("lpm_divide") from the following logic: "Mod1"
    Info (278003): Inferred multiplier megafunction ("lpm_mult") from the following logic: "Mult0"
Info (12130): Elaborated megafunction instantiation "lpm_divide:Mod0"
Info (12133): Instantiated megafunction "lpm_divide:Mod0" with the following parameter:
    Info (12134): Parameter "LPM_WIDTHN" = "19"
    Info (12134): Parameter "LPM_WIDTHD" = "6"
    Info (12134): Parameter "LPM_NREPRESENTATION" = "UNSIGNED"
    Info (12134): Parameter "LPM_DREPRESENTATION" = "UNSIGNED"
Info (12021): Found 1 design units, including 1 entities, in source file db/lpm_divide_2am.tdf
    Info (12023): Found entity 1: lpm_divide_2am
Info (12021): Found 1 design units, including 1 entities, in source file db/sign_div_unsign_0mh.tdf
    Info (12023): Found entity 1: sign_div_unsign_0mh
Info (12021): Found 1 design units, including 1 entities, in source file db/alt_u_div_a6f.tdf
    Info (12023): Found entity 1: alt_u_div_a6f
Info (12021): Found 1 design units, including 1 entities, in source file db/add_sub_unc.tdf
    Info (12023): Found entity 1: add_sub_unc
Info (12021): Found 1 design units, including 1 entities, in source file db/add_sub_vnc.tdf
    Info (12023): Found entity 1: add_sub_vnc
Info (12130): Elaborated megafunction instantiation "lpm_divide:Mod1"
Info (12133): Instantiated megafunction "lpm_divide:Mod1" with the following parameter:
    Info (12134): Parameter "LPM_WIDTHN" = "6"
    Info (12134): Parameter "LPM_WIDTHD" = "4"
    Info (12134): Parameter "LPM_NREPRESENTATION" = "UNSIGNED"
    Info (12134): Parameter "LPM_DREPRESENTATION" = "UNSIGNED"
Info (12021): Found 1 design units, including 1 entities, in source file db/lpm_divide_i8m.tdf
    Info (12023): Found entity 1: lpm_divide_i8m
Info (12021): Found 1 design units, including 1 entities, in source file db/sign_div_unsign_gkh.tdf
    Info (12023): Found entity 1: sign_div_unsign_gkh
Info (12021): Found 1 design units, including 1 entities, in source file db/alt_u_div_u2f.tdf
    Info (12023): Found entity 1: alt_u_div_u2f
Info (12130): Elaborated megafunction instantiation "lpm_mult:Mult0"
Info (12133): Instantiated megafunction "lpm_mult:Mult0" with the following parameter:
    Info (12134): Parameter "LPM_WIDTHA" = "6"
    Info (12134): Parameter "LPM_WIDTHB" = "9"
    Info (12134): Parameter "LPM_WIDTHP" = "15"
    Info (12134): Parameter "LPM_WIDTHR" = "15"
    Info (12134): Parameter "LPM_WIDTHS" = "1"
    Info (12134): Parameter "LPM_REPRESENTATION" = "UNSIGNED"
    Info (12134): Parameter "INPUT_A_IS_CONSTANT" = "NO"
    Info (12134): Parameter "INPUT_B_IS_CONSTANT" = "NO"
    Info (12134): Parameter "MAXIMIZE_SPEED" = "5"
Info (12021): Found 1 design units, including 1 entities, in source file db/mult_v8t.tdf
    Info (12023): Found entity 1: mult_v8t
Warning (13024): Output pins are stuck at VCC or GND
    Warning (13410): Pin "EN" is stuck at VCC
    Warning (13410): Pin "DATA_G[0]" is stuck at VCC
    Warning (13410): Pin "DATA_G[1]" is stuck at VCC
    Warning (13410): Pin "DATA_G[2]" is stuck at VCC
    Warning (13410): Pin "DATA_G[3]" is stuck at VCC
    Warning (13410): Pin "DATA_G[4]" is stuck at VCC
    Warning (13410): Pin "DATA_G[5]" is stuck at VCC
    Warning (13410): Pin "DATA_G[6]" is stuck at VCC
    Warning (13410): Pin "DATA_G[7]" is stuck at VCC
    Warning (13410): Pin "DATA_B[0]" is stuck at VCC
    Warning (13410): Pin "DATA_B[1]" is stuck at VCC
    Warning (13410): Pin "DATA_B[2]" is stuck at VCC
    Warning (13410): Pin "DATA_B[3]" is stuck at VCC
    Warning (13410): Pin "DATA_B[4]" is stuck at VCC
    Warning (13410): Pin "DATA_B[5]" is stuck at VCC
    Warning (13410): Pin "DATA_B[6]" is stuck at VCC
    Warning (13410): Pin "DATA_B[7]" is stuck at VCC
Info (286030): Timing-Driven Synthesis is running
Info (144001): Generated suppressed messages file D:/quartus1.3/Tetris/output_files/Tetris_game.map.smsg
Info (16010): Generating hard_block partition "hard_block:auto_generated_inst"
    Info (16011): Adding 0 node(s), including 0 DDIO, 0 PLL, 0 transceiver and 0 LCELL
Warning (21074): Design contains 1 input pin(s) that do not drive logic
    Warning (15610): No output dependent on input pin "Down"
Info (21057): Implemented 10263 device resources after synthesis - the final resource count might be different
    Info (21058): Implemented 5 input pins
    Info (21059): Implemented 34 output pins
    Info (21061): Implemented 10223 logic cells
    Info (21062): Implemented 1 DSP elements
Info: Quartus II 64-Bit Analysis & Synthesis was successful. 0 errors, 166 warnings
    Info: Peak virtual memory: 550 megabytes
    Info: Processing ended: Tue Jan 16 00:59:16 2018
    Info: Elapsed time: 00:01:36
    Info: Total CPU time (on all processors): 00:01:35


+------------------------------------------+
; Analysis & Synthesis Suppressed Messages ;
+------------------------------------------+
The suppressed messages can be found in D:/quartus1.3/Tetris/output_files/Tetris_game.map.smsg.


